<?xml version="1.0" encoding="UTF-8"?>
<!-- Generated by org.testng.reporters.JUnitReportReporter -->
<testsuite hostname="Adi-PC" name="Auto" tests="1" failures="0" timestamp="13 Jun 2018 06:58:50 GMT" time="25.404" errors="0">
  <testcase name="mx" time="25.404" classname="Auto"/>
</testsuite> <!-- Auto -->
